<?xml version="1.0" encoding="UTF-8"?>
<!-- Generated by org.testng.reporters.JUnitReportReporter -->
<testsuite hostname="Aleksandrs-MacBook-Air.local" failures="0" tests="1" name="api.Resources.GetResource" time="1.306" errors="0" timestamp="2022-06-25T15:17:07 IDT" skipped="0">
  <testcase classname="api.Resources.GetResource" name="getResource" time="1.306"/>
  <system-out/>
</testsuite> <!-- api.Resources.GetResource -->
