<?xml version="1.0" encoding="UTF-8"?>
<!-- Generated by org.testng.reporters.JUnitReportReporter -->
<testsuite hostname="Aleksandrs-MacBook-Air.local" failures="0" tests="1" name="api.Discover.SupportedExpertise.SupportedExpertise" time="0.903" errors="0" timestamp="2022-06-25T15:17:07 IDT" skipped="0">
  <testcase classname="api.Discover.SupportedExpertise.SupportedExpertise" name="supportedExpertiseTest" time="0.903"/>
  <system-out/>
</testsuite> <!-- api.Discover.SupportedExpertise.SupportedExpertise -->
