<?xml version="1.0" encoding="UTF-8"?>
<!-- Generated by org.testng.reporters.JUnitReportReporter -->
<testsuite hostname="Aleksandrs-MacBook-Air.local" failures="0" tests="1" name="api.Account.GetAccountDetails" time="2.674" errors="0" timestamp="2022-06-25T15:17:07 IDT" skipped="0">
  <testcase classname="api.Account.GetAccountDetails" name="getAccountDetailsTest" time="2.674"/>
  <system-out/>
</testsuite> <!-- api.Account.GetAccountDetails -->
