<?xml version="1.0" encoding="UTF-8"?>
<!-- Generated by org.testng.reporters.JUnitReportReporter -->
<testsuite hostname="Aleksandrs-MacBook-Air.local" failures="0" tests="1" name="api.Resources.CreateFileResource" time="1.717" errors="0" timestamp="2022-06-25T15:17:07 IDT" skipped="0">
  <testcase classname="api.Resources.CreateFileResource" name="successCreateTextResourcesTest" time="1.717"/>
  <system-out/>
</testsuite> <!-- api.Resources.CreateFileResource -->
