<?xml version="1.0" encoding="UTF-8"?>
<!-- Generated by org.testng.reporters.JUnitReportReporter -->
<testsuite hostname="Aleksandrs-MacBook-Air.local" failures="0" tests="1" name="api.Discover.SupportedLanguages.SupportedLanguages" time="1.219" errors="0" timestamp="2022-06-25T15:17:07 IDT" skipped="0">
  <testcase classname="api.Discover.SupportedLanguages.SupportedLanguages" name="supportedLanguagesTest" time="1.219"/>
  <system-out/>
</testsuite> <!-- api.Discover.SupportedLanguages.SupportedLanguages -->
