<?xml version="1.0" encoding="UTF-8"?>
<!-- Generated by org.testng.reporters.JUnitReportReporter -->
<testsuite hostname="Aleksandrs-MacBook-Air.local" failures="0" tests="1" name="api.Discover.SupportedLanguagesPairs.SupportedLanguagesPairs" time="2.031" errors="0" timestamp="2022-06-25T15:17:07 IDT" skipped="0">
  <testcase classname="api.Discover.SupportedLanguagesPairs.SupportedLanguagesPairs" name="supportedLanguagesPairsTest" time="2.031"/>
  <system-out/>
</testsuite> <!-- api.Discover.SupportedLanguagesPairs.SupportedLanguagesPairs -->
